build/app/intermediates/manifest_merge_blame_file/debug/manifest-merger-blame-debug-report.txt
1<?xml version="1.0" encoding="utf-8"?>
2<manifest xmlns:android="http://schemas.android.com/apk/res/android"
3    package="io.pupl.app"
4    android:versionCode="100"
5    android:versionName="8.0.0" >
6
7    <uses-sdk
8        android:minSdkVersion="21"
9        android:targetSdkVersion="30" />
10    <!--
11         Flutter needs it to communicate with the running application
12         to allow setting breakpoints, to provide hot reload, etc.
13    -->
14    <uses-permission android:name="android.permission.INTERNET" />
14-->src\debug\AndroidManifest.xml:6:5-66
14-->src\debug\AndroidManifest.xml:6:22-64
15
16    <queries>
16-->[:flutter_inappwebview] AndroidManifest.xml:7:5-11:15
17        <intent>
17-->[:flutter_inappwebview] AndroidManifest.xml:8:9-10:18
18            <action android:name="android.support.customtabs.action.CustomTabsService" />
18-->[:flutter_inappwebview] AndroidManifest.xml:9:13-90
18-->[:flutter_inappwebview] AndroidManifest.xml:9:21-87
19        </intent>
20    </queries> <!-- Include required permissions for Google Maps API to run. -->
21    <uses-permission android:name="android.permission.ACCESS_NETWORK_STATE" />
21-->[com.google.android.gms:play-services-maps:17.0.0] AndroidManifest.xml:23:5-79
21-->[com.google.android.gms:play-services-maps:17.0.0] AndroidManifest.xml:23:22-76
22
23    <uses-feature
23-->[com.google.android.gms:play-services-maps:17.0.0] AndroidManifest.xml:26:5-28:35
24        android:glEsVersion="0x00020000"
24-->[com.google.android.gms:play-services-maps:17.0.0] AndroidManifest.xml:27:9-41
25        android:required="true" />
25-->[com.google.android.gms:play-services-maps:17.0.0] AndroidManifest.xml:28:9-32
26
27    <application
27-->src\main\AndroidManifest.xml:3:4-40:19
28        android:appComponentFactory="androidx.core.app.CoreComponentFactory"
28-->[androidx.core:core:1.3.0] AndroidManifest.xml:24:18-86
29        android:debuggable="true"
30        android:icon="@mipmap/ic_launcher"
30-->src\main\AndroidManifest.xml:5:9-43
31        android:label="Pupl" >
31-->src\main\AndroidManifest.xml:4:9-29
32        <activity
32-->src\main\AndroidManifest.xml:6:9-34:20
33            android:name="io.pupl.app.MainActivity"
33-->src\main\AndroidManifest.xml:7:13-41
34            android:configChanges="orientation|keyboardHidden|keyboard|screenSize|smallestScreenSize|locale|layoutDirection|fontScale|screenLayout|density|uiMode"
34-->src\main\AndroidManifest.xml:10:13-163
35            android:hardwareAccelerated="true"
35-->src\main\AndroidManifest.xml:11:13-47
36            android:launchMode="singleTop"
36-->src\main\AndroidManifest.xml:8:13-43
37            android:theme="@style/LaunchTheme"
37-->src\main\AndroidManifest.xml:9:13-47
38            android:windowSoftInputMode="adjustResize" >
38-->src\main\AndroidManifest.xml:12:13-55
39
40            <!--
41                 Specifies an Android theme to apply to this Activity as soon as
42                 the Android process has started. This theme is visible to the user
43                 while the Flutter UI initializes. After that, this theme continues
44                 to determine the Window background behind the Flutter UI.
45            -->
46            <meta-data
46-->src\main\AndroidManifest.xml:17:13-20:17
47                android:name="io.flutter.embedding.android.NormalTheme"
47-->src\main\AndroidManifest.xml:18:15-70
48                android:resource="@style/NormalTheme" />
48-->src\main\AndroidManifest.xml:19:15-52
49            <!--
50                 Displays an Android View that continues showing the launch screen
51                 Drawable until Flutter paints its first frame, then this splash
52                 screen fades out. A splash screen is useful to avoid any visual
53                 gap between the end of Android's launch screen and the painting of
54                 Flutter's first frame.
55            -->
56            <meta-data
56-->src\main\AndroidManifest.xml:26:13-29:17
57                android:name="io.flutter.embedding.android.SplashScreenDrawable"
57-->src\main\AndroidManifest.xml:27:15-79
58                android:resource="@drawable/launch_background" />
58-->src\main\AndroidManifest.xml:28:15-61
59
60            <intent-filter>
60-->src\main\AndroidManifest.xml:30:13-33:29
61                <action android:name="android.intent.action.MAIN" />
61-->src\main\AndroidManifest.xml:31:17-68
61-->src\main\AndroidManifest.xml:31:25-66
62
63                <category android:name="android.intent.category.LAUNCHER" />
63-->src\main\AndroidManifest.xml:32:17-76
63-->src\main\AndroidManifest.xml:32:27-74
64            </intent-filter>
65        </activity>
66        <!--
67             Don't delete the meta-data below.
68             This is used by the Flutter tool to generate GeneratedPluginRegistrant.java
69        -->
70        <meta-data
70-->src\main\AndroidManifest.xml:37:9-39:33
71            android:name="flutterEmbedding"
71-->src\main\AndroidManifest.xml:38:13-44
72            android:value="2" />
72-->src\main\AndroidManifest.xml:39:13-30
73
74        <activity
74-->[:flutter_inappwebview] AndroidManifest.xml:14:9-17:47
75            android:name="com.pichillilorenzo.flutter_inappwebview.in_app_browser.InAppBrowserActivity"
75-->[:flutter_inappwebview] AndroidManifest.xml:15:13-104
76            android:configChanges="orientation|keyboardHidden|keyboard|screenSize|locale|layoutDirection|fontScale|screenLayout|density"
76-->[:flutter_inappwebview] AndroidManifest.xml:16:13-137
77            android:theme="@style/AppTheme" />
77-->[:flutter_inappwebview] AndroidManifest.xml:17:13-44
78        <activity
78-->[:flutter_inappwebview] AndroidManifest.xml:18:9-20:55
79            android:name="com.pichillilorenzo.flutter_inappwebview.chrome_custom_tabs.ChromeCustomTabsActivity"
79-->[:flutter_inappwebview] AndroidManifest.xml:19:13-112
80            android:theme="@style/ThemeTransparent" />
80-->[:flutter_inappwebview] AndroidManifest.xml:20:13-52
81
82        <receiver android:name="com.pichillilorenzo.flutter_inappwebview.chrome_custom_tabs.ActionBroadcastReceiver" />
82-->[:flutter_inappwebview] AndroidManifest.xml:22:9-120
82-->[:flutter_inappwebview] AndroidManifest.xml:22:19-117
83
84        <meta-data
84-->[:flutter_inappwebview] AndroidManifest.xml:24:9-26:36
85            android:name="io.flutter.embedded_views_preview"
85-->[:flutter_inappwebview] AndroidManifest.xml:25:13-61
86            android:value="true" />
86-->[:flutter_inappwebview] AndroidManifest.xml:26:13-33
87
88        <activity
88-->[:url_launcher] AndroidManifest.xml:8:9-11:74
89            android:name="io.flutter.plugins.urllauncher.WebViewActivity"
89-->[:url_launcher] AndroidManifest.xml:9:13-74
90            android:exported="false"
90-->[:url_launcher] AndroidManifest.xml:10:13-37
91            android:theme="@android:style/Theme.NoTitleBar.Fullscreen" /> <!-- Needs to be explicitly declared on P+ -->
91-->[:url_launcher] AndroidManifest.xml:11:13-71
92        <uses-library
92-->[com.google.android.gms:play-services-maps:17.0.0] AndroidManifest.xml:33:9-35:40
93            android:name="org.apache.http.legacy"
93-->[com.google.android.gms:play-services-maps:17.0.0] AndroidManifest.xml:34:13-50
94            android:required="false" />
94-->[com.google.android.gms:play-services-maps:17.0.0] AndroidManifest.xml:35:13-37
95
96        <activity
96-->[com.google.android.gms:play-services-base:17.0.0] AndroidManifest.xml:23:9-26:75
97            android:name="com.google.android.gms.common.api.GoogleApiActivity"
97-->[com.google.android.gms:play-services-base:17.0.0] AndroidManifest.xml:24:13-79
98            android:exported="false"
98-->[com.google.android.gms:play-services-base:17.0.0] AndroidManifest.xml:25:13-37
99            android:theme="@android:style/Theme.Translucent.NoTitleBar" />
99-->[com.google.android.gms:play-services-base:17.0.0] AndroidManifest.xml:26:13-72
100
101        <meta-data
101-->[com.google.android.gms:play-services-basement:17.0.0] AndroidManifest.xml:23:9-25:69
102            android:name="com.google.android.gms.version"
102-->[com.google.android.gms:play-services-basement:17.0.0] AndroidManifest.xml:24:13-58
103            android:value="@integer/google_play_services_version" />
103-->[com.google.android.gms:play-services-basement:17.0.0] AndroidManifest.xml:25:13-66
104
105        <provider
105-->[androidx.lifecycle:lifecycle-process:2.2.0] AndroidManifest.xml:25:9-29:43
106            android:name="androidx.lifecycle.ProcessLifecycleOwnerInitializer"
106-->[androidx.lifecycle:lifecycle-process:2.2.0] AndroidManifest.xml:26:13-79
107            android:authorities="io.pupl.app.lifecycle-process"
107-->[androidx.lifecycle:lifecycle-process:2.2.0] AndroidManifest.xml:27:13-69
108            android:exported="false"
108-->[androidx.lifecycle:lifecycle-process:2.2.0] AndroidManifest.xml:28:13-37
109            android:multiprocess="true" />
109-->[androidx.lifecycle:lifecycle-process:2.2.0] AndroidManifest.xml:29:13-40
110    </application>
111
112</manifest>